c:\technicalvenkata\c++projects\graphalgorithms\graphexplorers\source\graphexplorers\release\vc142.pdb
c:\technicalvenkata\c++projects\graphalgorithms\graphexplorers\source\graphexplorers\release\main.obj
c:\technicalvenkata\c++projects\graphalgorithms\graphexplorers\source\graphexplorers\release\knapsnack.obj
c:\technicalvenkata\c++projects\graphalgorithms\graphexplorers\source\graphexplorers\release\graph.obj
c:\technicalvenkata\c++projects\graphalgorithms\graphexplorers\source\graphexplorers\release\disjointset.obj
c:\technicalvenkata\c++projects\graphalgorithms\graphexplorers\source\graphexplorers\release\dfs.obj
c:\technicalvenkata\c++projects\graphalgorithms\graphexplorers\source\graphexplorers\release\bfs.obj
c:\technicalvenkata\c++projects\graphalgorithms\graphexplorers\source\graphexplorers\release\graphexplorers.ipdb
c:\technicalvenkata\c++projects\graphalgorithms\graphexplorers\source\graphexplorers\release\graphexplorers.iobj
c:\technicalvenkata\c++projects\graphalgorithms\graphexplorers\source\graphexplorers\release\graphexplorers.exe
c:\technicalvenkata\c++projects\graphalgorithms\graphexplorers\source\graphexplorers\release\graphexplorers.pdb
c:\technicalvenkata\c++projects\graphalgorithms\graphexplorers\source\graphexplorers\release\graphexplorersut.ipdb
c:\technicalvenkata\c++projects\graphalgorithms\graphexplorers\source\graphexplorers\release\graphexplorersut.iobj
c:\technicalvenkata\c++projects\graphalgorithms\graphexplorers\source\graphexplorers\release\graphexplorersut.pdb
c:\technicalvenkata\c++projects\graphalgorithms\graphexplorers\source\graphexplorers\release\graphexplorers.tlog\cl.command.1.tlog
c:\technicalvenkata\c++projects\graphalgorithms\graphexplorers\source\graphexplorers\release\graphexplorers.tlog\cl.read.1.tlog
c:\technicalvenkata\c++projects\graphalgorithms\graphexplorers\source\graphexplorers\release\graphexplorers.tlog\cl.write.1.tlog
c:\technicalvenkata\c++projects\graphalgorithms\graphexplorers\source\graphexplorers\release\graphexplorers.tlog\graphexplorers.write.1u.tlog
c:\technicalvenkata\c++projects\graphalgorithms\graphexplorers\source\graphexplorers\release\graphexplorers.tlog\link.command.1.tlog
c:\technicalvenkata\c++projects\graphalgorithms\graphexplorers\source\graphexplorers\release\graphexplorers.tlog\link.read.1.tlog
c:\technicalvenkata\c++projects\graphalgorithms\graphexplorers\source\graphexplorers\release\graphexplorers.tlog\link.write.1.tlog
